0 info it worked if it ends with ok
1 verbose cli [ '/home/showlet/.nvm/versions/node/v6.13.0/bin/node',
1 verbose cli   '/home/showlet/.nvm/versions/node/v6.13.0/bin/npm',
1 verbose cli   'start' ]
2 info using npm@3.10.10
3 info using node@v6.13.0
4 verbose run-script [ 'prestart', 'start', 'poststart' ]
5 info lifecycle strategy@1.0.0~prestart: strategy@1.0.0
6 silly lifecycle strategy@1.0.0~prestart: no script for prestart, continuing
7 info lifecycle strategy@1.0.0~start: strategy@1.0.0
8 verbose lifecycle strategy@1.0.0~start: unsafe-perm in lifecycle true
9 verbose lifecycle strategy@1.0.0~start: PATH: /home/showlet/.nvm/versions/node/v6.13.0/lib/node_modules/npm/bin/node-gyp-bin:/home/showlet/repos/lunch-n-learn-node-patterns/strategy/node_modules/.bin:/home/showlet/.nvm/versions/node/v6.13.0/bin:/home/showlet/bin:/home/showlet/.local/bin:/usr/local/bin:/usr/bin:/bin:/usr/local/games:/usr/games
10 verbose lifecycle strategy@1.0.0~start: CWD: /home/showlet/repos/lunch-n-learn-node-patterns/strategy
11 silly lifecycle strategy@1.0.0~start: Args: [ '-c', 'node configTest.js' ]
12 silly lifecycle strategy@1.0.0~start: Returned: code: 1  signal: null
13 info lifecycle strategy@1.0.0~start: Failed to exec start script
14 verbose stack Error: strategy@1.0.0 start: `node configTest.js`
14 verbose stack Exit status 1
14 verbose stack     at EventEmitter.<anonymous> (/home/showlet/.nvm/versions/node/v6.13.0/lib/node_modules/npm/lib/utils/lifecycle.js:255:16)
14 verbose stack     at emitTwo (events.js:106:13)
14 verbose stack     at EventEmitter.emit (events.js:191:7)
14 verbose stack     at ChildProcess.<anonymous> (/home/showlet/.nvm/versions/node/v6.13.0/lib/node_modules/npm/lib/utils/spawn.js:40:14)
14 verbose stack     at emitTwo (events.js:106:13)
14 verbose stack     at ChildProcess.emit (events.js:191:7)
14 verbose stack     at maybeClose (internal/child_process.js:920:16)
14 verbose stack     at Process.ChildProcess._handle.onexit (internal/child_process.js:230:5)
15 verbose pkgid strategy@1.0.0
16 verbose cwd /home/showlet/repos/lunch-n-learn-node-patterns/strategy
17 error Linux 3.18.0-16994-gba03c8b7fb6c
18 error argv "/home/showlet/.nvm/versions/node/v6.13.0/bin/node" "/home/showlet/.nvm/versions/node/v6.13.0/bin/npm" "start"
19 error node v6.13.0
20 error npm  v3.10.10
21 error code ELIFECYCLE
22 error strategy@1.0.0 start: `node configTest.js`
22 error Exit status 1
23 error Failed at the strategy@1.0.0 start script 'node configTest.js'.
23 error Make sure you have the latest version of node.js and npm installed.
23 error If you do, this is most likely a problem with the strategy package,
23 error not with npm itself.
23 error Tell the author that this fails on your system:
23 error     node configTest.js
23 error You can get information on how to open an issue for this project with:
23 error     npm bugs strategy
23 error Or if that isn't available, you can get their info via:
23 error     npm owner ls strategy
23 error There is likely additional logging output above.
24 verbose exit [ 1, true ]
